Tue Oct 10 11:41:12 SAST 2023 Starting thrift on DESKTOP-RNRLN4Q
core file size              (blocks, -c) unlimited
data seg size               (kbytes, -d) unlimited
file size                   (blocks, -f) unlimited
open files                          (-n) 3200
pipe size                (512 bytes, -p) 8
stack size                  (kbytes, -s) 2032
cpu time                   (seconds, -t) unlimited
max user processes                  (-u) 256
virtual memory              (kbytes, -v) unlimited
Tue Oct 10 13:01:55 SAST 2023 Starting thrift on DESKTOP-RNRLN4Q
core file size              (blocks, -c) unlimited
data seg size               (kbytes, -d) unlimited
file size                   (blocks, -f) unlimited
open files                          (-n) 3200
pipe size                (512 bytes, -p) 8
stack size                  (kbytes, -s) 2032
cpu time                   (seconds, -t) unlimited
max user processes                  (-u) 256
virtual memory              (kbytes, -v) unlimited
